<?xml version="1.0" encoding="UTF-8"?>
<!-- Generated by org.testng.reporters.JUnitReportReporter -->
<testsuite hostname="LP-Shefali" name="com.infogain.fedx.SeleniimTest" tests="1" failures="0" timestamp="7 Feb 2017 10:48:28 GMT" time="8.929" errors="0">
  <testcase name="testing" time="8.929" classname="com.infogain.fedx.SeleniimTest"/>
</testsuite> <!-- com.infogain.fedx.SeleniimTest -->
